<?xml version="1.0" encoding="UTF-8"?>
<testsuite xmlns:xsi="http://www.w3.org/2001/XMLSchema-instance" xsi:noNamespaceSchemaLocation="https://maven.apache.org/surefire/maven-surefire-plugin/xsd/surefire-test-report-3.0.xsd" version="3.0" name="support.TestRunner" time="0.018" tests="1" errors="1" skipped="0" failures="0">
  <properties>
[...]
</properties>
  <testcase name="initializationError" classname="support.TestRunner" time="0.005">
    <error message="Not a file or directory: /Users/averkhovskaya/PCS/Anna/ask-webdriver-java-cucumber-ACD1025/predefined2" type="java.lang.IllegalArgumentException"><![CDATA[java.lang.IllegalArgumentException: Not a file or directory: /Users/averkhovskaya/PCS/Anna/ask-webdriver-java-cucumber-ACD1025/predefined2
]]></error>
  </testcase>
</testsuite>